# JRE version: OpenJDK Runtime Environment Microsoft-8035246 (17.0.8+7) (build 17.0.8+7-LTS)
# Java VM: OpenJDK 64-Bit Server VM Microsoft-8035246 (17.0.8+7-LTS, mixed mode, sharing, tiered, compressed oops, compressed class ptrs, g1 gc, windows-amd64)
GC Precious Log:
 CPUs: 8 total, 8 available
 Memory: 8029M
 Large Page Support: Disabled
 NUMA Support: Disabled
 Compressed Oops: Enabled (32-bit)
 Heap Region Size: 1M
 Heap Min Capacity: 8M
 Heap Initial Capacity: 126M
 Heap Max Capacity: 2G
 Pre-touch: Disabled
 Parallel Workers: 8
 Concurrent Workers: 2
 Concurrent Refinement Workers: 8
 Periodic GC: Disabled
Heap:
 garbage-first heap   total 440320K, used 256273K [0x0000000080000000, 0x0000000100000000)
  region size 1024K, 96 young (98304K), 18 survivors (18432K)
 Metaspace       used 107932K, committed 109056K, reserved 557056K
  class space    used 15091K, committed 15616K, reserved 425984K
GC Heap History (20 events):
Event: 47.572 GC heap before
{Heap before GC invocations=65 (full 0):
 garbage-first heap   total 227328K, used 175748K [0x0000000080000000, 0x0000000100000000)
  region size 1024K, 56 young (57344K), 3 survivors (3072K)
 Metaspace       used 97887K, committed 98816K, reserved 557056K
  class space    used 13788K, committed 14208K, reserved 425984K
}
Event: 47.584 GC heap after
{Heap after GC invocations=66 (full 0):
 garbage-first heap   total 227328K, used 123895K [0x0000000080000000, 0x0000000100000000)
  region size 1024K, 6 young (6144K), 6 survivors (6144K)
 Metaspace       used 97887K, committed 98816K, reserved 557056K
  class space    used 13788K, committed 14208K, reserved 425984K
}
Event: 47.685 GC heap before
{Heap before GC invocations=66 (full 0):
 garbage-first heap   total 227328K, used 129015K [0x0000000080000000, 0x0000000100000000)
  region size 1024K, 11 young (11264K), 6 survivors (6144K)
 Metaspace       used 98124K, committed 99008K, reserved 557056K
  class space    used 13820K, committed 14208K, reserved 425984K
}
Event: 47.695 GC heap after
{Heap after GC invocations=67 (full 0):
 garbage-first heap   total 227328K, used 123656K [0x0000000080000000, 0x0000000100000000)
  region size 1024K, 1 young (1024K), 1 survivors (1024K)
 Metaspace       used 98124K, committed 99008K, reserved 557056K
  class space    used 13820K, committed 14208K, reserved 425984K
}
Event: 48.819 GC heap before
{Heap before GC invocations=67 (full 0):
 garbage-first heap   total 227328K, used 178952K [0x0000000080000000, 0x0000000100000000)
  region size 1024K, 55 young (56320K), 1 survivors (1024K)
 Metaspace       used 99601K, committed 100544K, reserved 557056K
  class space    used 14018K, committed 14464K, reserved 425984K
}
Event: 48.827 GC heap after
{Heap after GC invocations=68 (full 0):
 garbage-first heap   total 227328K, used 130041K [0x0000000080000000, 0x0000000100000000)
  region size 1024K, 7 young (7168K), 7 survivors (7168K)
 Metaspace       used 99601K, committed 100544K, reserved 557056K
  class space    used 14018K, committed 14464K, reserved 425984K
}
Event: 49.889 GC heap before
{Heap before GC invocations=69 (full 0):
 garbage-first heap   total 227328K, used 182265K [0x0000000080000000, 0x0000000100000000)
  region size 1024K, 58 young (59392K), 7 survivors (7168K)
 Metaspace       used 99696K, committed 100672K, reserved 557056K
  class space    used 14024K, committed 14464K, reserved 425984K
}
Event: 49.909 GC heap after
{Heap after GC invocations=70 (full 0):
 garbage-first heap   total 227328K, used 139586K [0x0000000080000000, 0x0000000100000000)
  region size 1024K, 8 young (8192K), 8 survivors (8192K)
 Metaspace       used 99696K, committed 100672K, reserved 557056K
  class space    used 14024K, committed 14464K, reserved 425984K
}
Event: 49.975 GC heap before
{Heap before GC invocations=70 (full 0):
 garbage-first heap   total 227328K, used 142658K [0x0000000080000000, 0x0000000100000000)
  region size 1024K, 11 young (11264K), 8 survivors (8192K)
 Metaspace       used 99719K, committed 100672K, reserved 557056K
  class space    used 14027K, committed 14464K, reserved 425984K
}
Event: 49.985 GC heap after
{Heap after GC invocations=71 (full 0):
 garbage-first heap   total 227328K, used 141443K [0x0000000080000000, 0x0000000100000000)
  region size 1024K, 2 young (2048K), 2 survivors (2048K)
 Metaspace       used 99719K, committed 100672K, reserved 557056K
  class space    used 14027K, committed 14464K, reserved 425984K
}
Event: 51.558 GC heap before
{Heap before GC invocations=71 (full 0):
 garbage-first heap   total 227328K, used 185475K [0x0000000080000000, 0x0000000100000000)
  region size 1024K, 44 young (45056K), 2 survivors (2048K)
 Metaspace       used 100361K, committed 101376K, reserved 557056K
  class space    used 14080K, committed 14528K, reserved 425984K
}
Event: 51.567 GC heap after
{Heap after GC invocations=72 (full 0):
 garbage-first heap   total 227328K, used 150481K [0x0000000080000000, 0x0000000100000000)
  region size 1024K, 6 young (6144K), 6 survivors (6144K)
 Metaspace       used 100361K, committed 101376K, reserved 557056K
  class space    used 14080K, committed 14528K, reserved 425984K
}
Event: 53.015 GC heap before
{Heap before GC invocations=73 (full 0):
 garbage-first heap   total 263168K, used 185297K [0x0000000080000000, 0x0000000100000000)
  region size 1024K, 39 young (39936K), 6 survivors (6144K)
 Metaspace       used 100636K, committed 101696K, reserved 557056K
  class space    used 14113K, committed 14592K, reserved 425984K
}
Event: 53.032 GC heap after
{Heap after GC invocations=74 (full 0):
 garbage-first heap   total 263168K, used 160336K [0x0000000080000000, 0x0000000100000000)
  region size 1024K, 5 young (5120K), 5 survivors (5120K)
 Metaspace       used 100636K, committed 101696K, reserved 557056K
  class space    used 14113K, committed 14592K, reserved 425984K
}
Event: 53.326 GC heap before
{Heap before GC invocations=74 (full 0):
 garbage-first heap   total 263168K, used 167504K [0x0000000080000000, 0x0000000100000000)
  region size 1024K, 12 young (12288K), 5 survivors (5120K)
 Metaspace       used 100825K, committed 101888K, reserved 557056K
  class space    used 14136K, committed 14592K, reserved 425984K
}
Event: 53.338 GC heap after
{Heap after GC invocations=75 (full 0):
 garbage-first heap   total 263168K, used 162169K [0x0000000080000000, 0x0000000100000000)
  region size 1024K, 2 young (2048K), 2 survivors (2048K)
 Metaspace       used 100825K, committed 101888K, reserved 557056K
  class space    used 14136K, committed 14592K, reserved 425984K
}
Event: 54.712 GC heap before
{Heap before GC invocations=75 (full 0):
 garbage-first heap   total 263168K, used 209273K [0x0000000080000000, 0x0000000100000000)
  region size 1024K, 48 young (49152K), 2 survivors (2048K)
 Metaspace       used 104862K, committed 105920K, reserved 557056K
  class space    used 14700K, committed 15168K, reserved 425984K
}
Event: 54.723 GC heap after
{Heap after GC invocations=76 (full 0):
 garbage-first heap   total 440320K, used 165111K [0x0000000080000000, 0x0000000100000000)
  region size 1024K, 5 young (5120K), 5 survivors (5120K)
 Metaspace       used 104862K, committed 105920K, reserved 557056K
  class space    used 14700K, committed 15168K, reserved 425984K
}
Event: 57.787 GC heap before
{Heap before GC invocations=76 (full 0):
 garbage-first heap   total 440320K, used 312567K [0x0000000080000000, 0x0000000100000000)
  region size 1024K, 150 young (153600K), 5 survivors (5120K)
 Metaspace       used 107785K, committed 108864K, reserved 557056K
  class space    used 15088K, committed 15616K, reserved 425984K
}
Event: 57.815 GC heap after
{Heap after GC invocations=77 (full 0):
 garbage-first heap   total 440320K, used 178449K [0x0000000080000000, 0x0000000100000000)
  region size 1024K, 18 young (18432K), 18 survivors (18432K)
 Metaspace       used 107785K, committed 108864K, reserved 557056K
  class space    used 15088K, committed 15616K, reserved 425984K
}

